<?xml version="1.0" encoding="UTF-8"?>
<!-- Generated by org.testng.reporters.JUnitReportReporter -->
<testsuite skipped="0" hostname="My-Apple1.local" name="apiTest.IntegrationTest" tests="1" failures="0" timestamp="2022-11-24T18:42:02 IST" time="14.547" errors="0">
  <testcase name="testLoginAPI" time="14.547" classname="apiTest.IntegrationTest"/>
  <system-out/>
</testsuite> <!-- apiTest.IntegrationTest -->
