<?xml version="1.0" encoding="UTF-8"?>
<!-- Generated by org.testng.reporters.JUnitReportReporter -->
<testsuite skipped="0" hostname="My-Apple1.local" name="com.api.Tests.IntegrationTest" tests="1" failures="0" timestamp="2022-12-01T16:27:05 IST" time="13.661" errors="0">
  <testcase name="testLoginAPI" time="13.661" classname="com.api.Tests.IntegrationTest"/>
  <system-out/>
</testsuite> <!-- com.api.Tests.IntegrationTest -->
