<?xml version="1.0" encoding="UTF-8"?>
<!-- Generated by org.testng.reporters.JUnitReportReporter -->
<testsuite skipped="0" hostname="My-Apple1.local" name="com.api.Tests.HomeAPITest" tests="1" failures="0" timestamp="2022-12-14T16:11:04 IST" time="16.194" errors="0">
  <testcase name="testHomeAPI" time="16.194" classname="com.api.Tests.HomeAPITest"/>
  <system-out/>
</testsuite> <!-- com.api.Tests.HomeAPITest -->
