<?xml version="1.0" encoding="UTF-8"?>
<!-- Generated by org.testng.reporters.JUnitReportReporter -->
<testsuite skipped="0" hostname="My-Apple1.local" name="com.api.Tests.LoginAPITest" tests="1" failures="0" timestamp="2023-05-25T16:57:40 IST" time="14.101" errors="0">
  <testcase name="testUserLoginAPI" time="14.101" classname="com.api.Tests.LoginAPITest"/>
  <system-out/>
</testsuite> <!-- com.api.Tests.LoginAPITest -->
