<?xml version="1.0" encoding="UTF-8"?>
<!-- Generated by org.testng.reporters.JUnitReportReporter -->
<testsuite skipped="0" hostname="My-Apple1.local" name="com.api.Tests.LoginAPITest" tests="1" failures="0" timestamp="2022-12-08T11:52:51 IST" time="12.156" errors="0">
  <testcase name="testGuestLoginAPI" time="12.156" classname="com.api.Tests.LoginAPITest"/>
  <system-out/>
</testsuite> <!-- com.api.Tests.LoginAPITest -->
