<?xml version="1.0" encoding="UTF-8"?>
<!-- Generated by org.testng.reporters.JUnitReportReporter -->
<testsuite skipped="0" hostname="My-Apple1.local" name="com.api.Tests.LoginAPITest" tests="1" failures="0" timestamp="2022-12-01T16:29:47 IST" time="13.097" errors="0">
  <testcase name="testLoginAPI" time="13.097" classname="com.api.Tests.LoginAPITest"/>
  <system-out/>
</testsuite> <!-- com.api.Tests.LoginAPITest -->
